2024-08-28 11:42:16,348 [Worker-5: Loading available Gradle versions] INFO  o.e.b.c.i.u.g.PublishedGradleVersions - Gradle version information cache is out-of-date. Trying to update.
2024-08-28 11:42:50,634 [Worker-2: Update Maven projects configuration] INFO  o.e.m.c.i.p.ProjectConfigurationManager - Update started
2024-08-28 11:42:52,754 [Worker-2: Update Maven projects configuration] INFO  o.e.m.c.i.l.LifecycleMappingFactory - Using org.eclipse.m2e.jdt.JarLifecycleMapping lifecycle mapping for MavenProject: com.lcwd.user.service:UserService:0.0.1-SNAPSHOT @ C:\Users\naeem\OneDrive\Desktop\JavaNotes\JavaProgramFile\MicroSevices\MySecondMicroServiceProject-master\UserService\pom.xml.
2024-08-28 11:42:55,766 [Worker-2: Update Maven projects configuration] INFO  o.e.m.j.i.AbstractJavaProjectConfigurator - Adding source folder /UserService/src/main/java
2024-08-28 11:42:55,773 [Worker-2: Update Maven projects configuration] INFO  o.e.m.j.i.AbstractJavaProjectConfigurator - Adding resource folder /UserService/src/main/resources
2024-08-28 11:42:57,162 [Worker-2: Update Maven projects configuration] INFO  o.e.m.j.i.AbstractJavaProjectConfigurator - Adding resource folder /UserService/src/main/resources
2024-08-28 11:42:57,174 [Worker-2: Update Maven projects configuration] INFO  o.e.m.j.i.AbstractJavaProjectConfigurator - Adding source folder /UserService/src/test/java
2024-08-28 11:42:57,177 [Worker-2: Update Maven projects configuration] INFO  o.e.m.j.i.AbstractJavaProjectConfigurator - Adding resource folder /UserService/src/test/resources
2024-08-28 11:43:01,582 [Worker-1: Building] INFO  o.a.m.s.f.DefaultMavenResourcesFiltering - Copying 2 resources from src\main\resources to target\classes
2024-08-28 11:43:01,611 [Worker-1: Building] INFO  o.a.m.s.f.DefaultMavenResourcesFiltering - Copying 0 resource from src\main\resources to target\classes
2024-08-28 11:43:01,620 [Worker-1: Building] INFO  o.a.m.s.f.DefaultMavenResourcesFiltering - skip non existing resourceDirectory C:\Users\naeem\OneDrive\Desktop\JavaNotes\JavaProgramFile\MicroSevices\MySecondMicroServiceProject-master\UserService\src\test\resources
2024-08-28 11:43:04,345 [Worker-2: Update Maven projects configuration] INFO  o.e.m.c.i.p.ProjectConfigurationManager - Update completed for 1 poms: local refresh takes 0.00 sec, refresh facades takes 4.00 sec, update config takes 9.00 sec 
2024-08-28 11:43:04,590 [Worker-3: Building] INFO  o.a.m.s.f.DefaultMavenResourcesFiltering - Copying 2 resources from src\main\resources to target\classes
2024-08-28 11:43:04,595 [Worker-3: Building] INFO  o.a.m.s.f.DefaultMavenResourcesFiltering - Copying 0 resource from src\main\resources to target\classes
2024-08-28 11:43:04,604 [Worker-3: Building] INFO  o.a.m.s.f.DefaultMavenResourcesFiltering - skip non existing resourceDirectory C:\Users\naeem\OneDrive\Desktop\JavaNotes\JavaProgramFile\MicroSevices\MySecondMicroServiceProject-master\UserService\src\test\resources
2024-08-28 11:43:13,020 [Worker-9: Update Maven projects configuration] INFO  o.e.m.c.i.p.ProjectConfigurationManager - Update started
2024-08-28 11:43:13,752 [Worker-9: Update Maven projects configuration] INFO  o.e.m.c.i.l.LifecycleMappingFactory - Using org.eclipse.m2e.jdt.JarLifecycleMapping lifecycle mapping for MavenProject: com.example:ServiceRegistery:0.0.1-SNAPSHOT @ C:\Users\naeem\OneDrive\Desktop\JavaNotes\JavaProgramFile\MicroSevices\MySecondMicroServiceProject-master\ServiceRegistery\pom.xml.
2024-08-28 11:43:15,651 [Worker-9: Update Maven projects configuration] INFO  o.e.m.j.i.AbstractJavaProjectConfigurator - Adding source folder /ServiceRegistery/src/main/java
2024-08-28 11:43:15,653 [Worker-9: Update Maven projects configuration] INFO  o.e.m.j.i.AbstractJavaProjectConfigurator - Adding resource folder /ServiceRegistery/src/main/resources
2024-08-28 11:43:15,665 [Worker-9: Update Maven projects configuration] INFO  o.e.m.j.i.AbstractJavaProjectConfigurator - Adding resource folder /ServiceRegistery/src/main/resources
2024-08-28 11:43:15,673 [Worker-9: Update Maven projects configuration] INFO  o.e.m.j.i.AbstractJavaProjectConfigurator - Adding source folder /ServiceRegistery/src/test/java
2024-08-28 11:43:15,678 [Worker-9: Update Maven projects configuration] INFO  o.e.m.j.i.AbstractJavaProjectConfigurator - Adding resource folder /ServiceRegistery/src/test/resources
2024-08-28 11:43:16,887 [Worker-3: Building] INFO  o.a.m.s.f.DefaultMavenResourcesFiltering - Copying 2 resources from src\main\resources to target\classes
2024-08-28 11:43:16,911 [Worker-3: Building] INFO  o.a.m.s.f.DefaultMavenResourcesFiltering - Copying 1 resource from src\main\resources to target\classes
2024-08-28 11:43:16,922 [Worker-3: Building] INFO  o.a.m.s.f.DefaultMavenResourcesFiltering - skip non existing resourceDirectory C:\Users\naeem\OneDrive\Desktop\JavaNotes\JavaProgramFile\MicroSevices\MySecondMicroServiceProject-master\ServiceRegistery\src\test\resources
2024-08-28 11:43:17,513 [Worker-9: Update Maven projects configuration] INFO  o.e.m.c.i.p.ProjectConfigurationManager - Update completed for 1 poms: local refresh takes 0.00 sec, refresh facades takes 2.00 sec, update config takes 2.00 sec 
2024-08-28 11:43:18,207 [Worker-15: Building] INFO  o.a.m.s.f.DefaultMavenResourcesFiltering - Copying 2 resources from src\main\resources to target\classes
2024-08-28 11:43:18,217 [Worker-15: Building] INFO  o.a.m.s.f.DefaultMavenResourcesFiltering - Copying 1 resource from src\main\resources to target\classes
2024-08-28 11:43:18,228 [Worker-15: Building] INFO  o.a.m.s.f.DefaultMavenResourcesFiltering - skip non existing resourceDirectory C:\Users\naeem\OneDrive\Desktop\JavaNotes\JavaProgramFile\MicroSevices\MySecondMicroServiceProject-master\ServiceRegistery\src\test\resources
2024-08-28 11:43:32,410 [Worker-0: Update Maven projects configuration] INFO  o.e.m.c.i.p.ProjectConfigurationManager - Update started
2024-08-28 11:43:33,051 [Worker-0: Update Maven projects configuration] INFO  o.e.m.c.i.l.LifecycleMappingFactory - Using org.eclipse.m2e.jdt.JarLifecycleMapping lifecycle mapping for MavenProject: com.lcwd.rating.service:RatingService:0.0.1-SNAPSHOT @ C:\Users\naeem\OneDrive\Desktop\JavaNotes\JavaProgramFile\MicroSevices\MySecondMicroServiceProject-master\RatingService\pom.xml.
2024-08-28 11:43:34,471 [Worker-0: Update Maven projects configuration] INFO  o.e.m.j.i.AbstractJavaProjectConfigurator - Adding source folder /RatingService/src/main/java
2024-08-28 11:43:34,473 [Worker-0: Update Maven projects configuration] INFO  o.e.m.j.i.AbstractJavaProjectConfigurator - Adding resource folder /RatingService/src/main/resources
2024-08-28 11:43:34,492 [Worker-0: Update Maven projects configuration] INFO  o.e.m.j.i.AbstractJavaProjectConfigurator - Adding resource folder /RatingService/src/main/resources
2024-08-28 11:43:34,508 [Worker-0: Update Maven projects configuration] INFO  o.e.m.j.i.AbstractJavaProjectConfigurator - Adding source folder /RatingService/src/test/java
2024-08-28 11:43:34,511 [Worker-0: Update Maven projects configuration] INFO  o.e.m.j.i.AbstractJavaProjectConfigurator - Adding resource folder /RatingService/src/test/resources
2024-08-28 11:43:35,796 [Worker-10: Building] INFO  o.a.m.s.f.DefaultMavenResourcesFiltering - Copying 2 resources from src\main\resources to target\classes
2024-08-28 11:43:35,835 [Worker-10: Building] INFO  o.a.m.s.f.DefaultMavenResourcesFiltering - Copying 0 resource from src\main\resources to target\classes
2024-08-28 11:43:35,850 [Worker-10: Building] INFO  o.a.m.s.f.DefaultMavenResourcesFiltering - skip non existing resourceDirectory C:\Users\naeem\OneDrive\Desktop\JavaNotes\JavaProgramFile\MicroSevices\MySecondMicroServiceProject-master\RatingService\src\test\resources
2024-08-28 11:43:36,126 [Worker-0: Update Maven projects configuration] INFO  o.e.m.c.i.p.ProjectConfigurationManager - Update completed for 1 poms: local refresh takes 0.00 sec, refresh facades takes 1.00 sec, update config takes 1.00 sec 
2024-08-28 11:43:36,901 [Worker-8: Building] INFO  o.a.m.s.f.DefaultMavenResourcesFiltering - Copying 2 resources from src\main\resources to target\classes
2024-08-28 11:43:36,908 [Worker-8: Building] INFO  o.a.m.s.f.DefaultMavenResourcesFiltering - Copying 0 resource from src\main\resources to target\classes
2024-08-28 11:43:36,915 [Worker-8: Building] INFO  o.a.m.s.f.DefaultMavenResourcesFiltering - skip non existing resourceDirectory C:\Users\naeem\OneDrive\Desktop\JavaNotes\JavaProgramFile\MicroSevices\MySecondMicroServiceProject-master\RatingService\src\test\resources
2024-08-28 11:43:53,626 [Worker-3: Update Maven projects configuration] INFO  o.e.m.c.i.p.ProjectConfigurationManager - Update started
2024-08-28 11:43:54,294 [Worker-3: Update Maven projects configuration] INFO  o.e.m.c.i.l.LifecycleMappingFactory - Using org.eclipse.m2e.jdt.JarLifecycleMapping lifecycle mapping for MavenProject: com.lcwd.hotel.service:HotelService:0.0.1-SNAPSHOT @ C:\Users\naeem\OneDrive\Desktop\JavaNotes\JavaProgramFile\MicroSevices\MySecondMicroServiceProject-master\HotelService\pom.xml.
2024-08-28 11:43:55,692 [Worker-3: Update Maven projects configuration] INFO  o.e.m.j.i.AbstractJavaProjectConfigurator - Adding source folder /HotelService/src/main/java
2024-08-28 11:43:55,694 [Worker-3: Update Maven projects configuration] INFO  o.e.m.j.i.AbstractJavaProjectConfigurator - Adding resource folder /HotelService/src/main/resources
2024-08-28 11:43:55,701 [Worker-3: Update Maven projects configuration] INFO  o.e.m.j.i.AbstractJavaProjectConfigurator - Adding resource folder /HotelService/src/main/resources
2024-08-28 11:43:55,708 [Worker-3: Update Maven projects configuration] INFO  o.e.m.j.i.AbstractJavaProjectConfigurator - Adding source folder /HotelService/src/test/java
2024-08-28 11:43:55,709 [Worker-3: Update Maven projects configuration] INFO  o.e.m.j.i.AbstractJavaProjectConfigurator - Adding resource folder /HotelService/src/test/resources
2024-08-28 11:43:58,358 [Worker-11: Building] INFO  o.a.m.s.f.DefaultMavenResourcesFiltering - Copying 2 resources from src\main\resources to target\classes
2024-08-28 11:43:58,385 [Worker-11: Building] INFO  o.a.m.s.f.DefaultMavenResourcesFiltering - Copying 0 resource from src\main\resources to target\classes
2024-08-28 11:43:58,393 [Worker-11: Building] INFO  o.a.m.s.f.DefaultMavenResourcesFiltering - skip non existing resourceDirectory C:\Users\naeem\OneDrive\Desktop\JavaNotes\JavaProgramFile\MicroSevices\MySecondMicroServiceProject-master\HotelService\src\test\resources
2024-08-28 11:43:59,022 [Worker-3: Update Maven projects configuration] INFO  o.e.m.c.i.p.ProjectConfigurationManager - Update completed for 1 poms: local refresh takes 0.00 sec, refresh facades takes 1.00 sec, update config takes 3.00 sec 
2024-08-28 11:44:00,288 [Worker-2: Building] INFO  o.a.m.s.f.DefaultMavenResourcesFiltering - Copying 2 resources from src\main\resources to target\classes
2024-08-28 11:44:00,292 [Worker-2: Building] INFO  o.a.m.s.f.DefaultMavenResourcesFiltering - Copying 0 resource from src\main\resources to target\classes
2024-08-28 11:44:00,300 [Worker-2: Building] INFO  o.a.m.s.f.DefaultMavenResourcesFiltering - skip non existing resourceDirectory C:\Users\naeem\OneDrive\Desktop\JavaNotes\JavaProgramFile\MicroSevices\MySecondMicroServiceProject-master\HotelService\src\test\resources
2024-08-28 11:44:12,868 [Worker-5: Update Maven projects configuration] INFO  o.e.m.c.i.p.ProjectConfigurationManager - Update started
2024-08-28 11:44:13,615 [Worker-5: Update Maven projects configuration] INFO  o.e.m.c.i.l.LifecycleMappingFactory - Using org.eclipse.m2e.jdt.JarLifecycleMapping lifecycle mapping for MavenProject: com.lcwd.config.server:ConfigServer:0.0.1-SNAPSHOT @ C:\Users\naeem\OneDrive\Desktop\JavaNotes\JavaProgramFile\MicroSevices\MySecondMicroServiceProject-master\ConfigServer\pom.xml.
2024-08-28 11:44:14,803 [Worker-5: Update Maven projects configuration] INFO  o.e.m.j.i.AbstractJavaProjectConfigurator - Adding source folder /ConfigServer/src/main/java
2024-08-28 11:44:14,804 [Worker-5: Update Maven projects configuration] INFO  o.e.m.j.i.AbstractJavaProjectConfigurator - Adding resource folder /ConfigServer/src/main/resources
2024-08-28 11:44:14,815 [Worker-5: Update Maven projects configuration] INFO  o.e.m.j.i.AbstractJavaProjectConfigurator - Adding resource folder /ConfigServer/src/main/resources
2024-08-28 11:44:14,822 [Worker-5: Update Maven projects configuration] INFO  o.e.m.j.i.AbstractJavaProjectConfigurator - Adding source folder /ConfigServer/src/test/java
2024-08-28 11:44:14,824 [Worker-5: Update Maven projects configuration] INFO  o.e.m.j.i.AbstractJavaProjectConfigurator - Adding resource folder /ConfigServer/src/test/resources
2024-08-28 11:44:16,080 [Worker-16: Building] INFO  o.a.m.s.f.DefaultMavenResourcesFiltering - Copying 2 resources from src\main\resources to target\classes
2024-08-28 11:44:16,105 [Worker-16: Building] INFO  o.a.m.s.f.DefaultMavenResourcesFiltering - Copying 0 resource from src\main\resources to target\classes
2024-08-28 11:44:16,114 [Worker-16: Building] INFO  o.a.m.s.f.DefaultMavenResourcesFiltering - skip non existing resourceDirectory C:\Users\naeem\OneDrive\Desktop\JavaNotes\JavaProgramFile\MicroSevices\MySecondMicroServiceProject-master\ConfigServer\src\test\resources
2024-08-28 11:44:16,308 [Worker-5: Update Maven projects configuration] INFO  o.e.m.c.i.p.ProjectConfigurationManager - Update completed for 1 poms: local refresh takes 0.00 sec, refresh facades takes 1.00 sec, update config takes 1.00 sec 
2024-08-28 11:44:17,466 [Worker-3: Building] INFO  o.a.m.s.f.DefaultMavenResourcesFiltering - Copying 2 resources from src\main\resources to target\classes
2024-08-28 11:44:17,473 [Worker-3: Building] INFO  o.a.m.s.f.DefaultMavenResourcesFiltering - Copying 0 resource from src\main\resources to target\classes
2024-08-28 11:44:17,482 [Worker-3: Building] INFO  o.a.m.s.f.DefaultMavenResourcesFiltering - skip non existing resourceDirectory C:\Users\naeem\OneDrive\Desktop\JavaNotes\JavaProgramFile\MicroSevices\MySecondMicroServiceProject-master\ConfigServer\src\test\resources
2024-08-28 11:44:32,737 [Worker-2: Update Maven projects configuration] INFO  o.e.m.c.i.p.ProjectConfigurationManager - Update started
2024-08-28 11:44:33,333 [Worker-2: Update Maven projects configuration] INFO  o.e.m.c.i.l.LifecycleMappingFactory - Using org.eclipse.m2e.jdt.JarLifecycleMapping lifecycle mapping for MavenProject: com.example:ApiGateway:0.0.1-SNAPSHOT @ C:\Users\naeem\OneDrive\Desktop\JavaNotes\JavaProgramFile\MicroSevices\MySecondMicroServiceProject-master\ApiGateway2\pom.xml.
2024-08-28 11:44:34,713 [Worker-2: Update Maven projects configuration] INFO  o.e.m.j.i.AbstractJavaProjectConfigurator - Adding source folder /ApiGateway2/src/main/java
2024-08-28 11:44:34,715 [Worker-2: Update Maven projects configuration] INFO  o.e.m.j.i.AbstractJavaProjectConfigurator - Adding resource folder /ApiGateway2/src/main/resources
2024-08-28 11:44:34,722 [Worker-2: Update Maven projects configuration] INFO  o.e.m.j.i.AbstractJavaProjectConfigurator - Adding resource folder /ApiGateway2/src/main/resources
2024-08-28 11:44:34,728 [Worker-2: Update Maven projects configuration] INFO  o.e.m.j.i.AbstractJavaProjectConfigurator - Adding source folder /ApiGateway2/src/test/java
2024-08-28 11:44:34,729 [Worker-2: Update Maven projects configuration] INFO  o.e.m.j.i.AbstractJavaProjectConfigurator - Adding resource folder /ApiGateway2/src/test/resources
2024-08-28 11:44:36,715 [Worker-16: Building] INFO  o.a.m.s.f.DefaultMavenResourcesFiltering - Copying 1 resource from src\main\resources to target\classes
2024-08-28 11:44:36,743 [Worker-16: Building] INFO  o.a.m.s.f.DefaultMavenResourcesFiltering - Copying 1 resource from src\main\resources to target\classes
2024-08-28 11:44:36,755 [Worker-16: Building] INFO  o.a.m.s.f.DefaultMavenResourcesFiltering - skip non existing resourceDirectory C:\Users\naeem\OneDrive\Desktop\JavaNotes\JavaProgramFile\MicroSevices\MySecondMicroServiceProject-master\ApiGateway2\src\test\resources
2024-08-28 11:44:37,356 [Worker-2: Update Maven projects configuration] INFO  o.e.m.c.i.p.ProjectConfigurationManager - Update completed for 1 poms: local refresh takes 0.00 sec, refresh facades takes 1.00 sec, update config takes 2.00 sec 
2024-08-28 11:44:38,373 [Worker-17: Building] INFO  o.a.m.s.f.DefaultMavenResourcesFiltering - Copying 1 resource from src\main\resources to target\classes
2024-08-28 11:44:38,378 [Worker-17: Building] INFO  o.a.m.s.f.DefaultMavenResourcesFiltering - Copying 1 resource from src\main\resources to target\classes
2024-08-28 11:44:38,391 [Worker-17: Building] INFO  o.a.m.s.f.DefaultMavenResourcesFiltering - skip non existing resourceDirectory C:\Users\naeem\OneDrive\Desktop\JavaNotes\JavaProgramFile\MicroSevices\MySecondMicroServiceProject-master\ApiGateway2\src\test\resources
2024-08-28 15:17:08,164 [Worker-57: Building] INFO  o.a.m.s.f.DefaultMavenResourcesFiltering - Copying 1 resource from src\main\resources to target\classes
2024-08-28 15:17:08,190 [Worker-57: Building] INFO  o.a.m.s.f.DefaultMavenResourcesFiltering - Copying 0 resource from src\main\resources to target\classes
2024-08-28 15:17:08,199 [Worker-57: Building] INFO  o.a.m.s.f.DefaultMavenResourcesFiltering - skip non existing resourceDirectory C:\Users\naeem\OneDrive\Desktop\JavaNotes\JavaProgramFile\MicroSevices\MySecondMicroServiceProject-master\ServiceRegistery\src\test\resources
2024-08-28 15:18:11,828 [Worker-58: Building] INFO  o.a.m.s.f.DefaultMavenResourcesFiltering - Copying 1 resource from src\main\resources to target\classes
2024-08-28 15:18:11,846 [Worker-58: Building] INFO  o.a.m.s.f.DefaultMavenResourcesFiltering - Copying 0 resource from src\main\resources to target\classes
2024-08-28 15:18:11,852 [Worker-58: Building] INFO  o.a.m.s.f.DefaultMavenResourcesFiltering - skip non existing resourceDirectory C:\Users\naeem\OneDrive\Desktop\JavaNotes\JavaProgramFile\MicroSevices\MySecondMicroServiceProject-master\ServiceRegistery\src\test\resources
2024-08-28 16:55:05,003 [Worker-71: Building] INFO  o.e.m.c.i.l.LifecycleMappingFactory - Using org.eclipse.m2e.jdt.JarLifecycleMapping lifecycle mapping for MavenProject: com.lcwd.user.service:UserService:0.0.1-SNAPSHOT @ C:\Users\naeem\OneDrive\Desktop\JavaNotes\JavaProgramFile\MicroSevices\MySecondMicroServiceProject-master\UserService\pom.xml.
2024-08-28 16:55:08,057 [Worker-71: Building] INFO  o.e.m.c.i.e.AbstractTransferListenerAdapter - Downloading https://repo.maven.apache.org/maven2/org/springframework/cloud/spring-cloud-starter-bootstrap/4.1.0/spring-cloud-starter-bootstrap-4.1.0.pom
2024-08-28 16:55:08,100 [Worker-71: Building] INFO  o.e.m.c.i.e.AbstractTransferListenerAdapter - Downloaded https://repo.maven.apache.org/maven2/org/springframework/cloud/spring-cloud-starter-bootstrap/4.1.0/spring-cloud-starter-bootstrap-4.1.0.pom
2024-08-28 16:55:09,272 [Worker-71: Building] INFO  o.e.m.c.i.e.AbstractTransferListenerAdapter - Downloading https://repo.maven.apache.org/maven2/org/springframework/cloud/spring-cloud-starter-bootstrap/4.1.0/spring-cloud-starter-bootstrap-4.1.0.jar
2024-08-28 16:55:09,285 [Worker-71: Building] INFO  o.e.m.c.i.e.AbstractTransferListenerAdapter - Downloaded https://repo.maven.apache.org/maven2/org/springframework/cloud/spring-cloud-starter-bootstrap/4.1.0/spring-cloud-starter-bootstrap-4.1.0.jar
2024-08-28 16:55:10,162 [Worker-71: Building] INFO  o.a.m.s.f.DefaultMavenResourcesFiltering - Copying 0 resource from src\main\resources to target\classes
2024-08-28 16:55:10,163 [Worker-71: Building] INFO  o.a.m.s.f.DefaultMavenResourcesFiltering - Copying 0 resource from src\main\resources to target\classes
2024-08-28 16:55:10,171 [Worker-71: Building] INFO  o.a.m.s.f.DefaultMavenResourcesFiltering - skip non existing resourceDirectory C:\Users\naeem\OneDrive\Desktop\JavaNotes\JavaProgramFile\MicroSevices\MySecondMicroServiceProject-master\UserService\src\test\resources
2024-08-28 16:55:12,056 [Worker-72: Building] INFO  o.a.m.s.f.DefaultMavenResourcesFiltering - Copying 2 resources from src\main\resources to target\classes
2024-08-28 16:55:12,085 [Worker-72: Building] INFO  o.a.m.s.f.DefaultMavenResourcesFiltering - Copying 0 resource from src\main\resources to target\classes
2024-08-28 16:55:12,093 [Worker-72: Building] INFO  o.a.m.s.f.DefaultMavenResourcesFiltering - skip non existing resourceDirectory C:\Users\naeem\OneDrive\Desktop\JavaNotes\JavaProgramFile\MicroSevices\MySecondMicroServiceProject-master\UserService\src\test\resources
2024-08-28 16:55:12,171 [Worker-71: Download sources and javadoc] INFO  o.e.m.c.i.e.AbstractTransferListenerAdapter - Downloading https://repo.maven.apache.org/maven2/org/springframework/cloud/spring-cloud-starter-bootstrap/4.1.0/spring-cloud-starter-bootstrap-4.1.0-sources.jar
2024-08-28 16:55:12,179 [Worker-71: Download sources and javadoc] INFO  o.e.m.c.i.e.AbstractTransferListenerAdapter - Downloaded https://repo.maven.apache.org/maven2/org/springframework/cloud/spring-cloud-starter-bootstrap/4.1.0/spring-cloud-starter-bootstrap-4.1.0-sources.jar
2024-08-28 16:55:12,187 [Worker-71: Download sources and javadoc] INFO  o.e.m.j.internal.DownloadSourcesJob - Downloaded sources for org.springframework.cloud:spring-cloud-starter-bootstrap:4.1.0
2024-08-28 16:56:55,772 [Worker-68: Building] INFO  o.a.m.s.f.DefaultMavenResourcesFiltering - Copying 1 resource from src\main\resources to target\classes
2024-08-28 16:56:55,788 [Worker-68: Building] INFO  o.a.m.s.f.DefaultMavenResourcesFiltering - Copying 0 resource from src\main\resources to target\classes
2024-08-28 16:56:55,796 [Worker-68: Building] INFO  o.a.m.s.f.DefaultMavenResourcesFiltering - skip non existing resourceDirectory C:\Users\naeem\OneDrive\Desktop\JavaNotes\JavaProgramFile\MicroSevices\MySecondMicroServiceProject-master\UserService\src\test\resources
2024-08-28 17:00:24,356 [Worker-67: Building] INFO  o.a.m.s.f.DefaultMavenResourcesFiltering - Copying 2 resources from src\main\resources to target\classes
2024-08-28 17:00:24,369 [Worker-67: Building] INFO  o.a.m.s.f.DefaultMavenResourcesFiltering - Copying 0 resource from src\main\resources to target\classes
2024-08-28 17:00:24,382 [Worker-67: Building] INFO  o.a.m.s.f.DefaultMavenResourcesFiltering - skip non existing resourceDirectory C:\Users\naeem\OneDrive\Desktop\JavaNotes\JavaProgramFile\MicroSevices\MySecondMicroServiceProject-master\ConfigServer\src\test\resources
2024-08-28 17:00:40,030 [Worker-75: Building] INFO  o.a.m.s.f.DefaultMavenResourcesFiltering - Copying 2 resources from src\main\resources to target\classes
2024-08-28 17:00:40,043 [Worker-75: Building] INFO  o.a.m.s.f.DefaultMavenResourcesFiltering - Copying 0 resource from src\main\resources to target\classes
2024-08-28 17:00:40,055 [Worker-75: Building] INFO  o.a.m.s.f.DefaultMavenResourcesFiltering - skip non existing resourceDirectory C:\Users\naeem\OneDrive\Desktop\JavaNotes\JavaProgramFile\MicroSevices\MySecondMicroServiceProject-master\UserService\src\test\resources
2024-08-28 17:03:32,433 [Worker-69: Building] INFO  o.a.m.s.f.DefaultMavenResourcesFiltering - Copying 2 resources from src\main\resources to target\classes
2024-08-28 17:03:32,445 [Worker-69: Building] INFO  o.a.m.s.f.DefaultMavenResourcesFiltering - Copying 0 resource from src\main\resources to target\classes
2024-08-28 17:03:32,451 [Worker-69: Building] INFO  o.a.m.s.f.DefaultMavenResourcesFiltering - skip non existing resourceDirectory C:\Users\naeem\OneDrive\Desktop\JavaNotes\JavaProgramFile\MicroSevices\MySecondMicroServiceProject-master\ConfigServer\src\test\resources
2024-08-28 17:03:33,753 [Worker-76: Building] INFO  o.a.m.s.f.DefaultMavenResourcesFiltering - Copying 2 resources from src\main\resources to target\classes
2024-08-28 17:03:33,760 [Worker-76: Building] INFO  o.a.m.s.f.DefaultMavenResourcesFiltering - Copying 0 resource from src\main\resources to target\classes
2024-08-28 17:03:33,765 [Worker-76: Building] INFO  o.a.m.s.f.DefaultMavenResourcesFiltering - skip non existing resourceDirectory C:\Users\naeem\OneDrive\Desktop\JavaNotes\JavaProgramFile\MicroSevices\MySecondMicroServiceProject-master\ConfigServer\src\test\resources
2024-08-28 17:03:51,973 [Worker-74: Building] INFO  o.e.m.c.i.l.LifecycleMappingFactory - Using org.eclipse.m2e.jdt.JarLifecycleMapping lifecycle mapping for MavenProject: com.lcwd.user.service:UserService:0.0.1-SNAPSHOT @ C:\Users\naeem\OneDrive\Desktop\JavaNotes\JavaProgramFile\MicroSevices\MySecondMicroServiceProject-master\UserService\pom.xml.
2024-08-28 17:03:54,027 [Worker-74: Building] INFO  o.a.m.s.f.DefaultMavenResourcesFiltering - Copying 0 resource from src\main\resources to target\classes
2024-08-28 17:03:54,028 [Worker-74: Building] INFO  o.a.m.s.f.DefaultMavenResourcesFiltering - Copying 0 resource from src\main\resources to target\classes
2024-08-28 17:03:54,043 [Worker-74: Building] INFO  o.a.m.s.f.DefaultMavenResourcesFiltering - skip non existing resourceDirectory C:\Users\naeem\OneDrive\Desktop\JavaNotes\JavaProgramFile\MicroSevices\MySecondMicroServiceProject-master\UserService\src\test\resources
2024-08-29 11:12:46,087 [Worker-4: Loading available Gradle versions] INFO  o.e.b.c.i.u.g.PublishedGradleVersions - Gradle version information cache is up-to-date. Trying to read.
2024-08-29 12:57:00,095 [Worker-34: Building] INFO  o.a.m.s.f.DefaultMavenResourcesFiltering - Copying 2 resources from src\main\resources to target\classes
2024-08-29 12:57:00,129 [Worker-34: Building] INFO  o.a.m.s.f.DefaultMavenResourcesFiltering - Copying 0 resource from src\main\resources to target\classes
2024-08-29 12:57:00,145 [Worker-34: Building] INFO  o.a.m.s.f.DefaultMavenResourcesFiltering - skip non existing resourceDirectory C:\Users\naeem\OneDrive\Desktop\JavaNotes\JavaProgramFile\MicroSevices\MySecondMicroServiceProject-master\UserService\src\test\resources
2024-08-31 20:33:38,548 [Worker-5: Loading available Gradle versions] INFO  o.e.b.c.i.u.g.PublishedGradleVersions - Gradle version information cache is out-of-date. Trying to update.
2024-08-31 20:33:40,627 [Worker-5: Loading available Gradle versions] INFO  o.e.b.c.i.u.g.PublishedGradleVersions - Updating Gradle version information cache failed. Using outdated cache.
